Using launch settings from auth-service/Properties/launchSettings.json...
warn: Microsoft.AspNetCore.Server.Kestrel[0]
      Overriding address(es) 'http://localhost:5038'. Binding to endpoints defined via IConfiguration and/or UseKestrel() instead.
info: Microsoft.Hosting.Lifetime[14]
      Now listening on: http://[::]:5038
info: Microsoft.Hosting.Lifetime[0]
      Application started. Press Ctrl+C to shut down.
info: Microsoft.Hosting.Lifetime[0]
      Hosting environment: Development
info: Microsoft.Hosting.Lifetime[0]
      Content root path: /home/dion/mikro_sherbimet/auth-service
info: Microsoft.EntityFrameworkCore.Database.Command[20101]
      Executed DbCommand (71ms) [Parameters=[@__dto_Email_0='?'], CommandType='Text', CommandTimeout='30']
      SELECT EXISTS (
          SELECT 1
          FROM "Users" AS u
          WHERE u."Email" = @__dto_Email_0)
info: Microsoft.EntityFrameworkCore.Database.Command[20101]
      Executed DbCommand (21ms) [Parameters=[@p0='?' (DbType = DateTime), @p1='?', @p2='?' (DbType = Int32), @p3='?' (DbType = DateTime), @p4='?', @p5='?', @p6='?' (DbType = Double), @p7='?' (DbType = Double), @p8='?' (DbType = Int32), @p9='?', @p10='?'], CommandType='Text', CommandTimeout='30']
      INSERT INTO "Users" ("BlockedUntil", "Email", "FailedLoginAttempts", "LastLoginAt", "LastLoginCountry", "LastLoginIp", "LastLoginLatitude", "LastLoginLongitude", "LoginCount", "PasswordHash", "Username")
      VALUES (@p0, @p1, @p2, @p3, @p4, @p5, @p6, @p7, @p8, @p9, @p10)
      RETURNING "Id";
info: Microsoft.EntityFrameworkCore.Database.Command[20101]
      Executed DbCommand (2ms) [Parameters=[@__dto_Email_0='?'], CommandType='Text', CommandTimeout='30']
      SELECT u."Id", u."BlockedUntil", u."Email", u."FailedLoginAttempts", u."LastLoginAt", u."LastLoginCountry", u."LastLoginIp", u."LastLoginLatitude", u."LastLoginLongitude", u."LoginCount", u."PasswordHash", u."Username"
      FROM "Users" AS u
      WHERE u."Email" = @__dto_Email_0
      LIMIT 1
info: Microsoft.EntityFrameworkCore.Database.Command[20101]
      Executed DbCommand (1ms) [Parameters=[@__dto_Email_0='?'], CommandType='Text', CommandTimeout='30']
      SELECT EXISTS (
          SELECT 1
          FROM "Users" AS u
          WHERE u."Email" = @__dto_Email_0)
info: Microsoft.EntityFrameworkCore.Database.Command[20101]
      Executed DbCommand (12ms) [Parameters=[@p0='?' (DbType = DateTime), @p1='?', @p2='?' (DbType = Int32), @p3='?' (DbType = DateTime), @p4='?', @p5='?', @p6='?' (DbType = Double), @p7='?' (DbType = Double), @p8='?' (DbType = Int32), @p9='?', @p10='?'], CommandType='Text', CommandTimeout='30']
      INSERT INTO "Users" ("BlockedUntil", "Email", "FailedLoginAttempts", "LastLoginAt", "LastLoginCountry", "LastLoginIp", "LastLoginLatitude", "LastLoginLongitude", "LoginCount", "PasswordHash", "Username")
      VALUES (@p0, @p1, @p2, @p3, @p4, @p5, @p6, @p7, @p8, @p9, @p10)
      RETURNING "Id";
info: Microsoft.EntityFrameworkCore.Database.Command[20101]
      Executed DbCommand (1ms) [Parameters=[@__dto_Email_0='?'], CommandType='Text', CommandTimeout='30']
      SELECT u."Id", u."BlockedUntil", u."Email", u."FailedLoginAttempts", u."LastLoginAt", u."LastLoginCountry", u."LastLoginIp", u."LastLoginLatitude", u."LastLoginLongitude", u."LoginCount", u."PasswordHash", u."Username"
      FROM "Users" AS u
      WHERE u."Email" = @__dto_Email_0
      LIMIT 1
info: Microsoft.EntityFrameworkCore.Database.Command[20101]
      Executed DbCommand (1ms) [Parameters=[@__dto_Email_0='?'], CommandType='Text', CommandTimeout='30']
      SELECT u."Id", u."BlockedUntil", u."Email", u."FailedLoginAttempts", u."LastLoginAt", u."LastLoginCountry", u."LastLoginIp", u."LastLoginLatitude", u."LastLoginLongitude", u."LoginCount", u."PasswordHash", u."Username"
      FROM "Users" AS u
      WHERE u."Email" = @__dto_Email_0
      LIMIT 1
info: Microsoft.EntityFrameworkCore.Database.Command[20101]
      Executed DbCommand (1ms) [Parameters=[@__dto_Email_0='?'], CommandType='Text', CommandTimeout='30']
      SELECT EXISTS (
          SELECT 1
          FROM "Users" AS u
          WHERE u."Email" = @__dto_Email_0)
info: Microsoft.EntityFrameworkCore.Database.Command[20101]
      Executed DbCommand (39ms) [Parameters=[@p0='?' (DbType = DateTime), @p1='?', @p2='?' (DbType = Int32), @p3='?' (DbType = DateTime), @p4='?', @p5='?', @p6='?' (DbType = Double), @p7='?' (DbType = Double), @p8='?' (DbType = Int32), @p9='?', @p10='?'], CommandType='Text', CommandTimeout='30']
      INSERT INTO "Users" ("BlockedUntil", "Email", "FailedLoginAttempts", "LastLoginAt", "LastLoginCountry", "LastLoginIp", "LastLoginLatitude", "LastLoginLongitude", "LoginCount", "PasswordHash", "Username")
      VALUES (@p0, @p1, @p2, @p3, @p4, @p5, @p6, @p7, @p8, @p9, @p10)
      RETURNING "Id";
info: Microsoft.EntityFrameworkCore.Database.Command[20101]
      Executed DbCommand (1ms) [Parameters=[@__dto_Email_0='?'], CommandType='Text', CommandTimeout='30']
      SELECT u."Id", u."BlockedUntil", u."Email", u."FailedLoginAttempts", u."LastLoginAt", u."LastLoginCountry", u."LastLoginIp", u."LastLoginLatitude", u."LastLoginLongitude", u."LoginCount", u."PasswordHash", u."Username"
      FROM "Users" AS u
      WHERE u."Email" = @__dto_Email_0
      LIMIT 1
info: Microsoft.EntityFrameworkCore.Database.Command[20101]
      Executed DbCommand (3ms) [Parameters=[@__dto_Email_0='?'], CommandType='Text', CommandTimeout='30']
      SELECT u."Id", u."BlockedUntil", u."Email", u."FailedLoginAttempts", u."LastLoginAt", u."LastLoginCountry", u."LastLoginIp", u."LastLoginLatitude", u."LastLoginLongitude", u."LoginCount", u."PasswordHash", u."Username"
      FROM "Users" AS u
      WHERE u."Email" = @__dto_Email_0
      LIMIT 1
info: Microsoft.EntityFrameworkCore.Database.Command[20101]
      Executed DbCommand (1ms) [Parameters=[@__dto_Email_0='?'], CommandType='Text', CommandTimeout='30']
      SELECT u."Id", u."BlockedUntil", u."Email", u."FailedLoginAttempts", u."LastLoginAt", u."LastLoginCountry", u."LastLoginIp", u."LastLoginLatitude", u."LastLoginLongitude", u."LoginCount", u."PasswordHash", u."Username"
      FROM "Users" AS u
      WHERE u."Email" = @__dto_Email_0
      LIMIT 1
info: Microsoft.EntityFrameworkCore.Database.Command[20101]
      Executed DbCommand (1ms) [Parameters=[@__dto_Email_0='?'], CommandType='Text', CommandTimeout='30']
      SELECT u."Id", u."BlockedUntil", u."Email", u."FailedLoginAttempts", u."LastLoginAt", u."LastLoginCountry", u."LastLoginIp", u."LastLoginLatitude", u."LastLoginLongitude", u."LoginCount", u."PasswordHash", u."Username"
      FROM "Users" AS u
      WHERE u."Email" = @__dto_Email_0
      LIMIT 1
info: Microsoft.EntityFrameworkCore.Database.Command[20101]
      Executed DbCommand (1ms) [Parameters=[@__dto_Email_0='?'], CommandType='Text', CommandTimeout='30']
      SELECT EXISTS (
          SELECT 1
          FROM "Users" AS u
          WHERE u."Email" = @__dto_Email_0)
info: Microsoft.EntityFrameworkCore.Database.Command[20101]
      Executed DbCommand (12ms) [Parameters=[@p0='?' (DbType = DateTime), @p1='?', @p2='?' (DbType = Int32), @p3='?' (DbType = DateTime), @p4='?', @p5='?', @p6='?' (DbType = Double), @p7='?' (DbType = Double), @p8='?' (DbType = Int32), @p9='?', @p10='?'], CommandType='Text', CommandTimeout='30']
      INSERT INTO "Users" ("BlockedUntil", "Email", "FailedLoginAttempts", "LastLoginAt", "LastLoginCountry", "LastLoginIp", "LastLoginLatitude", "LastLoginLongitude", "LoginCount", "PasswordHash", "Username")
      VALUES (@p0, @p1, @p2, @p3, @p4, @p5, @p6, @p7, @p8, @p9, @p10)
      RETURNING "Id";
info: Microsoft.EntityFrameworkCore.Database.Command[20101]
      Executed DbCommand (1ms) [Parameters=[@__dto_Email_0='?'], CommandType='Text', CommandTimeout='30']
      SELECT u."Id", u."BlockedUntil", u."Email", u."FailedLoginAttempts", u."LastLoginAt", u."LastLoginCountry", u."LastLoginIp", u."LastLoginLatitude", u."LastLoginLongitude", u."LoginCount", u."PasswordHash", u."Username"
      FROM "Users" AS u
      WHERE u."Email" = @__dto_Email_0
      LIMIT 1
